This file contains any messages produced by compilers while
running configure, to aid debugging if configure makes a mistake.

It was created by configure, which was
generated by GNU Autoconf 2.59.  Invocation command line was

  $ ./configure --cache-file=/home/fvassard/debs/ganglia/ganglia-3.1.2/config.cache

## --------- ##
## Platform. ##
## --------- ##

hostname = ragweed
uname -m = x86_64
uname -r = 2.6.31-17-server
uname -s = Linux
uname -v = #54-Ubuntu SMP Thu Dec 10 18:06:56 UTC 2009

/usr/bin/uname -p = unknown
/bin/uname -X     = unknown

/bin/arch              = unknown
/usr/bin/arch -k       = unknown
/usr/convex/getsysinfo = unknown
hostinfo               = unknown
/bin/machine           = unknown
/usr/bin/oslevel       = unknown
/bin/universe          = unknown

PATH: /usr/local/sbin
PATH: /usr/local/bin
PATH: /usr/sbin
PATH: /usr/bin
PATH: /sbin
PATH: /bin
PATH: /usr/games


## ----------- ##
## Core tests. ##
## ----------- ##

configure:1409: loading cache /home/fvassard/debs/ganglia/ganglia-3.1.2/config.cache
configure:1539: checking for a BSD-compatible install
configure:1594: result: /usr/bin/install -c
configure:1605: checking whether build environment is sane
configure:1648: result: yes
configure:1713: checking for gawk
configure:1739: result: gawk
configure:1749: checking whether make sets $(MAKE)
configure:1769: result: yes
configure:1944: checking build system type
configure:1962: result: x86_64-unknown-linux
configure:1970: checking host system type
configure:1984: result: x86_64-unknown-linux
configure:2040: checking for gcc
configure:2066: result: gcc
configure:2310: checking for C compiler version
configure:2313: gcc --version </dev/null >&5
gcc (Ubuntu 4.4.1-4ubuntu9) 4.4.1
Copyright (C) 2009 Free Software Foundation, Inc.
This is free software; see the source for copying conditions.  There is NO
warranty; not even for MERCHANTABILITY or FITNESS FOR A PARTICULAR PURPOSE.

configure:2316: $? = 0
configure:2318: gcc -v </dev/null >&5
Using built-in specs.
Target: x86_64-linux-gnu
Configured with: ../src/configure -v --with-pkgversion='Ubuntu 4.4.1-4ubuntu9' --with-bugurl=file:///usr/share/doc/gcc-4.4/README.Bugs --enable-languages=c,c++,fortran,objc,obj-c++ --prefix=/usr --enable-shared --enable-multiarch --enable-linker-build-id --with-system-zlib --libexecdir=/usr/lib --without-included-gettext --enable-threads=posix --with-gxx-include-dir=/usr/include/c++/4.4 --program-suffix=-4.4 --enable-nls --enable-clocale=gnu --enable-libstdcxx-debug --enable-objc-gc --disable-werror --with-arch-32=i486 --with-tune=generic --enable-checking=release --build=x86_64-linux-gnu --host=x86_64-linux-gnu --target=x86_64-linux-gnu
Thread model: posix
gcc version 4.4.1 (Ubuntu 4.4.1-4ubuntu9) 
configure:2321: $? = 0
configure:2323: gcc -V </dev/null >&5
gcc: '-V' option must have argument
configure:2326: $? = 1
configure:2349: checking for C compiler default output file name
configure:2352: gcc    conftest.c  >&5
configure:2355: $? = 0
configure:2401: result: a.out
configure:2406: checking whether the C compiler works
configure:2412: ./a.out
configure:2415: $? = 0
configure:2432: result: yes
configure:2439: checking whether we are cross compiling
configure:2441: result: no
configure:2444: checking for suffix of executables
configure:2446: gcc -o conftest    conftest.c  >&5
configure:2449: $? = 0
configure:2474: result: 
configure:2480: checking for suffix of object files
configure:2526: result: o
configure:2530: checking whether we are using the GNU C compiler
configure:2586: result: yes
configure:2592: checking whether gcc accepts -g
configure:2643: result: yes
configure:2660: checking for gcc option to accept ANSI C
configure:2767: result: none needed
configure:2785: gcc -c -g -O2  conftest.c >&5
conftest.c:2: error: expected '=', ',', ';', 'asm' or '__attribute__' before 'me'
configure:2791: $? = 1
configure: failed program was:
| #ifndef __cplusplus
|   choke me
| #endif
configure:2935: checking for style of include used by make
configure:2963: result: GNU
configure:2991: checking dependency style of gcc
configure:3081: result: gcc3
configure:3171: checking for a sed that does not truncate output
configure:3225: result: /bin/sed
configure:3228: checking for egrep
configure:3238: result: grep -E
configure:3254: checking for ld used by gcc
configure:3321: result: /usr/bin/ld
configure:3330: checking if the linker (/usr/bin/ld) is GNU ld
configure:3345: result: yes
configure:3350: checking for /usr/bin/ld option to reload object files
configure:3357: result: -r
configure:3375: checking for BSD-compatible nm
configure:3424: result: /usr/bin/nm -B
configure:3428: checking whether ln -s works
configure:3432: result: yes
configure:3439: checking how to recognise dependent libraries
configure:3615: result: pass_all
configure:3703: gcc -c -g -O2  conftest.c >&5
configure:3706: $? = 0
configure:3852: checking how to run the C preprocessor
configure:3970: result: gcc -E
configure:3994: gcc -E  conftest.c
configure:4000: $? = 0
configure:4032: gcc -E  conftest.c
conftest.c:11:28: error: ac_nonexistent.h: No such file or directory
configure:4038: $? = 1
configure: failed program was:
| /* confdefs.h.  */
| 
| #define PACKAGE_NAME ""
| #define PACKAGE_TARNAME ""
| #define PACKAGE_VERSION ""
| #define PACKAGE_STRING ""
| #define PACKAGE_BUGREPORT ""
| #define PACKAGE "libmetrics"
| #define VERSION "201002162012"
| /* end confdefs.h.  */
| #include <ac_nonexistent.h>
configure:4082: checking for ANSI C header files
configure:4238: result: yes
configure:4262: checking for sys/types.h
configure:4308: result: yes
configure:4262: checking for sys/stat.h
configure:4308: result: yes
configure:4262: checking for stdlib.h
configure:4308: result: yes
configure:4262: checking for string.h
configure:4308: result: yes
configure:4262: checking for memory.h
configure:4308: result: yes
configure:4262: checking for strings.h
configure:4308: result: yes
configure:4262: checking for inttypes.h
configure:4308: result: yes
configure:4262: checking for stdint.h
configure:4308: result: yes
configure:4262: checking for unistd.h
configure:4308: result: yes
configure:4325: checking for dlfcn.h
configure:4330: result: yes
configure:4522: checking for g++
configure:4548: result: g++
configure:4564: checking for C++ compiler version
configure:4567: g++ --version </dev/null >&5
g++ (Ubuntu 4.4.1-4ubuntu9) 4.4.1
Copyright (C) 2009 Free Software Foundation, Inc.
This is free software; see the source for copying conditions.  There is NO
warranty; not even for MERCHANTABILITY or FITNESS FOR A PARTICULAR PURPOSE.

configure:4570: $? = 0
configure:4572: g++ -v </dev/null >&5
Using built-in specs.
Target: x86_64-linux-gnu
Configured with: ../src/configure -v --with-pkgversion='Ubuntu 4.4.1-4ubuntu9' --with-bugurl=file:///usr/share/doc/gcc-4.4/README.Bugs --enable-languages=c,c++,fortran,objc,obj-c++ --prefix=/usr --enable-shared --enable-multiarch --enable-linker-build-id --with-system-zlib --libexecdir=/usr/lib --without-included-gettext --enable-threads=posix --with-gxx-include-dir=/usr/include/c++/4.4 --program-suffix=-4.4 --enable-nls --enable-clocale=gnu --enable-libstdcxx-debug --enable-objc-gc --disable-werror --with-arch-32=i486 --with-tune=generic --enable-checking=release --build=x86_64-linux-gnu --host=x86_64-linux-gnu --target=x86_64-linux-gnu
Thread model: posix
gcc version 4.4.1 (Ubuntu 4.4.1-4ubuntu9) 
configure:4575: $? = 0
configure:4577: g++ -V </dev/null >&5
g++: '-V' option must have argument
configure:4580: $? = 1
configure:4583: checking whether we are using the GNU C++ compiler
configure:4639: result: yes
configure:4645: checking whether g++ accepts -g
configure:4696: result: yes
configure:4738: g++ -c -g -O2  conftest.cc >&5
configure:4744: $? = 0
configure:4748: test -z 
			 || test ! -s conftest.err
configure:4751: $? = 0
configure:4754: test -s conftest.o
configure:4757: $? = 0
configure:4783: g++ -c -g -O2  conftest.cc >&5
conftest.cc: In function 'int main()':
conftest.cc:26: error: 'exit' was not declared in this scope
configure:4789: $? = 1
configure: failed program was:
| /* confdefs.h.  */
| 
| #define PACKAGE_NAME ""
| #define PACKAGE_TARNAME ""
| #define PACKAGE_VERSION ""
| #define PACKAGE_STRING ""
| #define PACKAGE_BUGREPORT ""
| #define PACKAGE "libmetrics"
| #define VERSION "201002162012"
| #define STDC_HEADERS 1
| #define HAVE_SYS_TYPES_H 1
| #define HAVE_SYS_STAT_H 1
| #define HAVE_STDLIB_H 1
| #define HAVE_STRING_H 1
| #define HAVE_MEMORY_H 1
| #define HAVE_STRINGS_H 1
| #define HAVE_INTTYPES_H 1
| #define HAVE_STDINT_H 1
| #define HAVE_UNISTD_H 1
| #define HAVE_DLFCN_H 1
| /* end confdefs.h.  */
| 
| int
| main ()
| {
| exit (42);
|   ;
|   return 0;
| }
configure:4738: g++ -c -g -O2  conftest.cc >&5
conftest.cc:22: error: 'void std::exit(int)' should have been declared inside 'std'
configure:4744: $? = 1
configure: failed program was:
| /* confdefs.h.  */
| 
| #define PACKAGE_NAME ""
| #define PACKAGE_TARNAME ""
| #define PACKAGE_VERSION ""
| #define PACKAGE_STRING ""
| #define PACKAGE_BUGREPORT ""
| #define PACKAGE "libmetrics"
| #define VERSION "201002162012"
| #define STDC_HEADERS 1
| #define HAVE_SYS_TYPES_H 1
| #define HAVE_SYS_STAT_H 1
| #define HAVE_STDLIB_H 1
| #define HAVE_STRING_H 1
| #define HAVE_MEMORY_H 1
| #define HAVE_STRINGS_H 1
| #define HAVE_INTTYPES_H 1
| #define HAVE_STDINT_H 1
| #define HAVE_UNISTD_H 1
| #define HAVE_DLFCN_H 1
| /* end confdefs.h.  */
| extern "C" void std::exit (int) throw (); using std::exit;
| #include <stdlib.h>
| int
| main ()
| {
| exit (42);
|   ;
|   return 0;
| }
configure:4738: g++ -c -g -O2  conftest.cc >&5
conftest.cc:22: error: 'void std::exit(int)' should have been declared inside 'std'
In file included from conftest.cc:23:
/usr/include/stdlib.h:543: error: declaration of 'void std::exit(int) throw ()' throws different exceptions
conftest.cc:22: error: from previous declaration 'void std::exit(int)'
configure:4744: $? = 1
configure: failed program was:
| /* confdefs.h.  */
| 
| #define PACKAGE_NAME ""
| #define PACKAGE_TARNAME ""
| #define PACKAGE_VERSION ""
| #define PACKAGE_STRING ""
| #define PACKAGE_BUGREPORT ""
| #define PACKAGE "libmetrics"
| #define VERSION "201002162012"
| #define STDC_HEADERS 1
| #define HAVE_SYS_TYPES_H 1
| #define HAVE_SYS_STAT_H 1
| #define HAVE_STDLIB_H 1
| #define HAVE_STRING_H 1
| #define HAVE_MEMORY_H 1
| #define HAVE_STRINGS_H 1
| #define HAVE_INTTYPES_H 1
| #define HAVE_STDINT_H 1
| #define HAVE_UNISTD_H 1
| #define HAVE_DLFCN_H 1
| /* end confdefs.h.  */
| extern "C" void std::exit (int); using std::exit;
| #include <stdlib.h>
| int
| main ()
| {
| exit (42);
|   ;
|   return 0;
| }
configure:4738: g++ -c -g -O2  conftest.cc >&5
configure:4744: $? = 0
configure:4748: test -z 
			 || test ! -s conftest.err
configure:4751: $? = 0
configure:4754: test -s conftest.o
configure:4757: $? = 0
configure:4783: g++ -c -g -O2  conftest.cc >&5
configure:4789: $? = 0
configure:4793: test -z 
			 || test ! -s conftest.err
configure:4796: $? = 0
configure:4799: test -s conftest.o
configure:4802: $? = 0
configure:4827: checking dependency style of g++
configure:4917: result: gcc3
configure:4944: checking how to run the C++ preprocessor
configure:5058: result: g++ -E
configure:5082: g++ -E  conftest.cc
configure:5088: $? = 0
configure:5120: g++ -E  conftest.cc
conftest.cc:25:28: error: ac_nonexistent.h: No such file or directory
configure:5126: $? = 1
configure: failed program was:
| /* confdefs.h.  */
| 
| #define PACKAGE_NAME ""
| #define PACKAGE_TARNAME ""
| #define PACKAGE_VERSION ""
| #define PACKAGE_STRING ""
| #define PACKAGE_BUGREPORT ""
| #define PACKAGE "libmetrics"
| #define VERSION "201002162012"
| #define STDC_HEADERS 1
| #define HAVE_SYS_TYPES_H 1
| #define HAVE_SYS_STAT_H 1
| #define HAVE_STDLIB_H 1
| #define HAVE_STRING_H 1
| #define HAVE_MEMORY_H 1
| #define HAVE_STRINGS_H 1
| #define HAVE_INTTYPES_H 1
| #define HAVE_STDINT_H 1
| #define HAVE_UNISTD_H 1
| #define HAVE_DLFCN_H 1
| #ifdef __cplusplus
| extern "C" void exit (int) throw ();
| #endif
| /* end confdefs.h.  */
| #include <ac_nonexistent.h>
configure:5223: checking for g77
configure:5252: result: no
configure:5223: checking for f77
configure:5252: result: no
configure:5223: checking for xlf
configure:5252: result: no
configure:5223: checking for frt
configure:5252: result: no
configure:5223: checking for pgf77
configure:5252: result: no
configure:5223: checking for fort77
configure:5252: result: no
configure:5223: checking for fl32
configure:5252: result: no
configure:5223: checking for af77
configure:5252: result: no
configure:5223: checking for f90
configure:5252: result: no
configure:5223: checking for xlf90
configure:5252: result: no
configure:5223: checking for pgf90
configure:5252: result: no
configure:5223: checking for epcf90
configure:5252: result: no
configure:5223: checking for f95
configure:5252: result: no
configure:5223: checking for fort
configure:5252: result: no
configure:5223: checking for xlf95
configure:5252: result: no
configure:5223: checking for ifc
configure:5252: result: no
configure:5223: checking for efc
configure:5252: result: no
configure:5223: checking for pgf95
configure:5252: result: no
configure:5223: checking for lf95
configure:5252: result: no
configure:5223: checking for gfortran
configure:5252: result: no
configure:5264: checking for Fortran 77 compiler version
configure:5267:  --version </dev/null >&5
./configure: line 5268: --version: command not found
configure:5270: $? = 127
configure:5272:  -v </dev/null >&5
./configure: line 5273: -v: command not found
configure:5275: $? = 127
configure:5277:  -V </dev/null >&5
./configure: line 5278: -V: command not found
configure:5280: $? = 127
configure:5288: checking whether we are using the GNU Fortran 77 compiler
configure:5334: result: no
configure:5340: checking whether  accepts -g
configure:5383: result: no
configure:5413: checking the maximum length of command line arguments
configure:5522: result: 32768
configure:5533: checking command to parse /usr/bin/nm -B output from gcc object
configure:5741: result: ok
configure:5745: checking for objdir
configure:5760: result: .libs
configure:5850: checking for ar
configure:5877: result: ar
configure:5930: checking for ranlib
configure:5957: result: ranlib
configure:6010: checking for strip
configure:6037: result: strip
configure:6309: checking if gcc supports -fno-rtti -fno-exceptions
configure:6344: result: no
configure:6359: checking for gcc option to produce PIC
configure:6569: result: -fPIC
configure:6577: checking if gcc PIC flag -fPIC works
configure:6595: gcc -c -g -O2  -fPIC -DPIC conftest.c >&5
configure:6599: $? = 0
configure:6612: result: yes
configure:6640: checking if gcc static flag -static works
configure:6668: result: yes
configure:6678: checking if gcc supports -c -o file.o
configure:6725: result: yes
configure:6751: checking whether the gcc linker (/usr/bin/ld -m elf_x86_64) supports shared libraries
configure:7709: result: yes
configure:7730: checking whether -lc should be explicitly linked in
configure:7735: gcc -c -g -O2  conftest.c >&5
configure:7738: $? = 0
configure:7753: gcc -shared conftest.o  -v -Wl,-soname -Wl,conftest -o conftest 2\>\&1 \| grep  -lc  \>/dev/null 2\>\&1
configure:7756: $? = 0
configure:7768: result: no
configure:7776: checking dynamic linker characteristics
configure:8364: result: GNU/Linux ld.so
configure:8373: checking how to hardcode library paths into programs
configure:8398: result: immediate
configure:8412: checking whether stripping libraries is possible
configure:8417: result: yes
configure:9251: checking if libtool supports shared libraries
configure:9253: result: yes
configure:9256: checking whether to build shared libraries
configure:9277: result: yes
configure:9280: checking whether to build static libraries
configure:9284: result: yes
configure:9376: creating libtool
configure:9964: checking for ld used by g++
configure:10031: result: /usr/bin/ld -m elf_x86_64
configure:10040: checking if the linker (/usr/bin/ld -m elf_x86_64) is GNU ld
configure:10055: result: yes
configure:10106: checking whether the g++ linker (/usr/bin/ld -m elf_x86_64) supports shared libraries
configure:11044: result: yes
configure:11062: g++ -c -g -O2  conftest.cpp >&5
configure:11065: $? = 0
configure:11184: checking for g++ option to produce PIC
configure:11458: result: -fPIC
configure:11466: checking if g++ PIC flag -fPIC works
configure:11484: g++ -c -g -O2  -fPIC -DPIC conftest.cpp >&5
configure:11488: $? = 0
configure:11501: result: yes
configure:11529: checking if g++ static flag -static works
configure:11557: result: yes
configure:11567: checking if g++ supports -c -o file.o
configure:11614: result: yes
configure:11640: checking whether the g++ linker (/usr/bin/ld -m elf_x86_64) supports shared libraries
configure:11665: result: yes
configure:11732: checking dynamic linker characteristics
configure:12320: result: GNU/Linux ld.so
configure:12329: checking how to hardcode library paths into programs
configure:12354: result: immediate
configure:18507: checking for kinfo_get_cpus in -lkinfo
configure:18569: result: no
configure:18581: checking for kstat_open in -lkstat
configure:18643: result: no
configure:18655: checking for kvm_open in -lkvm
configure:18717: result: no
configure:18729: checking for odm_initialize in -lodm
configure:18791: result: no
configure:18803: checking for _system_configuration in -lcfg
configure:18865: result: no
configure:18877: checking for perfstat_cpu_total in -lperfstat
configure:18939: result: no
configure:18951: checking for main in -lsocket
configure:19007: result: no
configure:19020: checking for main in -lresolv
configure:19076: result: yes
configure:19089: checking for main in -lnsl
configure:19145: result: yes
configure:19169: checking for dirent.h that defines DIR
configure:19223: result: yes
configure:19236: checking for library containing opendir
configure:19355: result: none required
configure:19491: checking for ANSI C header files
configure:19647: result: yes
configure:19681: checking for fcntl.h
configure:19686: result: yes
configure:19681: checking for inttypes.h
configure:19686: result: yes
configure:19681: checking for limits.h
configure:19686: result: yes
configure:19681: checking for nlist.h
configure:19686: result: no
configure:19681: checking for paths.h
configure:19686: result: yes
configure:19681: checking for stdlib.h
configure:19686: result: yes
configure:19681: checking for strings.h
configure:19686: result: yes
configure:19681: checking for sys/filsys.h
configure:19686: result: no
configure:19681: checking for sys/fs/s5param.h
configure:19686: result: no
configure:19681: checking for sys/mount.h
configure:19686: result: yes
configure:19681: checking for sys/param.h
configure:19686: result: yes
configure:19681: checking for sys/socket.h
configure:19686: result: yes
configure:19681: checking for sys/statfs.h
configure:19686: result: yes
configure:19681: checking for sys/statvfs.h
configure:19686: result: yes
configure:19681: checking for sys/systeminfo.h
configure:19686: result: no
configure:19681: checking for sys/time.h
configure:19686: result: yes
configure:19681: checking for sys/vfs.h
configure:19686: result: yes
configure:19681: checking for unistd.h
configure:19686: result: yes
configure:19681: checking for utmp.h
configure:19686: result: yes
configure:19681: checking for sys/sockio.h
configure:19686: result: no
configure:19831: checking for rpc/rpc.h
configure:19836: result: yes
configure:19983: checking if sockaddr{} has sa_len member
configure:20036: result: no
configure:20046: checking for an ANSI C-conforming const
configure:20143: result: yes
configure:20153: checking for off_t
configure:20207: result: yes
configure:20219: checking for pid_t
configure:20273: result: yes
configure:20285: checking for size_t
configure:20339: result: yes
configure:20351: checking whether time.h and sys/time.h may both be included
configure:20406: result: yes
configure:20417: checking if uchar_t defined
configure:20545: result: no
configure:20555: checking if int8_t defined
configure:20683: result: yes
configure:20693: checking if uint8_t defined
configure:20821: result: yes
configure:20831: checking if int16_t defined
configure:20959: result: yes
configure:20969: checking if uint16_t defined
configure:21097: result: yes
configure:21107: checking if int32_t defined
configure:21235: result: yes
configure:21245: checking if uint32_t defined
configure:21373: result: yes
configure:21383: checking if size_t defined
configure:21511: result: yes
configure:21521: checking if ssize_t defined
configure:21649: result: yes
configure:21659: checking if socklen_t defined
configure:21787: result: yes
configure:21799: checking whether closedir returns void
configure:21850: result: no
configure:21862: checking whether gcc needs -traditional
configure:21904: result: no
configure:21916: checking for stdlib.h
configure:21921: result: yes
configure:22061: checking for GNU libc compatible malloc
configure:22112: result: yes
configure:22147: checking for stdlib.h
configure:22152: result: yes
configure:22292: checking for GNU libc compatible realloc
configure:22343: result: yes
configure:22373: checking whether lstat dereferences a symlink specified with a trailing slash
configure:22433: result: yes
configure:22454: checking whether stat accepts an empty string
configure:22501: result: no
configure:22519: checking for working strtod
configure:22584: result: yes
configure:22780: checking for getmntinfo
configure:22868: result: no
configure:22780: checking for getpagesize
configure:22868: result: yes
configure:22780: checking for gettimeofday
configure:22868: result: yes
configure:22780: checking for memset
configure:22868: result: yes
configure:22780: checking for pstat_getdynamic
configure:22868: result: no
configure:22780: checking for strchr
configure:22868: result: yes
configure:22780: checking for strdup
configure:22868: result: yes
configure:22780: checking for strndup
configure:22868: result: yes
configure:22780: checking for strpbrk
configure:22868: result: yes
configure:22780: checking for strstr
configure:22868: result: yes
configure:22780: checking for strtol
configure:22868: result: yes
configure:22780: checking for sysinfo
configure:22868: result: yes
configure:22780: checking for uname
configure:22868: result: yes
configure:22780: checking for vsnprintf
configure:22868: result: yes
configure:22780: checking for strlcat
configure:22868: result: no
configure:23116: creating ./config.status

## ---------------------- ##
## Running config.status. ##
## ---------------------- ##

This file was extended by config.status, which was
generated by GNU Autoconf 2.59.  Invocation command line was

  CONFIG_FILES    = 
  CONFIG_HEADERS  = 
  CONFIG_LINKS    = 
  CONFIG_COMMANDS = 
  $ ./config.status 

on ragweed

config.status:729: creating Makefile
config.status:729: creating tests/Makefile
config.status:729: creating aix/Makefile
config.status:729: creating cygwin/Makefile
config.status:729: creating darwin/Makefile
config.status:729: creating dragonfly/Makefile
config.status:729: creating freebsd/Makefile
config.status:729: creating hpux/Makefile
config.status:729: creating irix/Makefile
config.status:729: creating linux/Makefile
config.status:729: creating netbsd/Makefile
config.status:729: creating openbsd/Makefile
config.status:729: creating osf/Makefile
config.status:729: creating solaris/Makefile
config.status:833: creating config.h
config.status:1221: executing depfiles commands

## ---------------- ##
## Cache variables. ##
## ---------------- ##

ac_cv_build=x86_64-unknown-linux
ac_cv_build_alias=x86_64-unknown-linux
ac_cv_c_compiler_gnu=yes
ac_cv_c_const=yes
ac_cv_cxx_compiler_gnu=yes
ac_cv_env_CC_set=
ac_cv_env_CC_value=
ac_cv_env_CFLAGS_set=
ac_cv_env_CFLAGS_value=
ac_cv_env_CPPFLAGS_set=
ac_cv_env_CPPFLAGS_value=
ac_cv_env_CPP_set=
ac_cv_env_CPP_value=
ac_cv_env_CXXCPP_set=
ac_cv_env_CXXCPP_value=
ac_cv_env_CXXFLAGS_set=
ac_cv_env_CXXFLAGS_value=
ac_cv_env_CXX_set=
ac_cv_env_CXX_value=
ac_cv_env_F77_set=
ac_cv_env_F77_value=
ac_cv_env_FFLAGS_set=
ac_cv_env_FFLAGS_value=
ac_cv_env_LDFLAGS_set=
ac_cv_env_LDFLAGS_value=
ac_cv_env_build_alias_set=
ac_cv_env_build_alias_value=
ac_cv_env_host_alias_set=
ac_cv_env_host_alias_value=
ac_cv_env_target_alias_set=
ac_cv_env_target_alias_value=
ac_cv_exeext=
ac_cv_f77_compiler_gnu=no
ac_cv_func_closedir_void=no
ac_cv_func_getmntinfo=no
ac_cv_func_getpagesize=yes
ac_cv_func_gettimeofday=yes
ac_cv_func_lstat_dereferences_slashed_symlink=yes
ac_cv_func_malloc_0_nonnull=yes
ac_cv_func_memset=yes
ac_cv_func_pstat_getdynamic=no
ac_cv_func_realloc_0_nonnull=yes
ac_cv_func_stat_empty_string_bug=no
ac_cv_func_strchr=yes
ac_cv_func_strdup=yes
ac_cv_func_strlcat=no
ac_cv_func_strndup=yes
ac_cv_func_strpbrk=yes
ac_cv_func_strstr=yes
ac_cv_func_strtod=yes
ac_cv_func_strtol=yes
ac_cv_func_sysinfo=yes
ac_cv_func_uname=yes
ac_cv_func_vsnprintf=yes
ac_cv_header_dirent_dirent_h=yes
ac_cv_header_dlfcn_h=yes
ac_cv_header_fcntl_h=yes
ac_cv_header_inttypes_h=yes
ac_cv_header_limits_h=yes
ac_cv_header_memory_h=yes
ac_cv_header_nlist_h=no
ac_cv_header_paths_h=yes
ac_cv_header_rpc_rpc_h=yes
ac_cv_header_stdc=yes
ac_cv_header_stdint_h=yes
ac_cv_header_stdlib_h=yes
ac_cv_header_string_h=yes
ac_cv_header_strings_h=yes
ac_cv_header_sys_filsys_h=no
ac_cv_header_sys_fs_s5param_h=no
ac_cv_header_sys_mount_h=yes
ac_cv_header_sys_param_h=yes
ac_cv_header_sys_socket_h=yes
ac_cv_header_sys_sockio_h=no
ac_cv_header_sys_stat_h=yes
ac_cv_header_sys_statfs_h=yes
ac_cv_header_sys_statvfs_h=yes
ac_cv_header_sys_systeminfo_h=no
ac_cv_header_sys_time_h=yes
ac_cv_header_sys_types_h=yes
ac_cv_header_sys_vfs_h=yes
ac_cv_header_time=yes
ac_cv_header_unistd_h=yes
ac_cv_header_utmp_h=yes
ac_cv_host=x86_64-unknown-linux
ac_cv_host_alias=x86_64-unknown-linux
ac_cv_lib_cfg__system_configuration=no
ac_cv_lib_kinfo_kinfo_get_cpus=no
ac_cv_lib_kstat_kstat_open=no
ac_cv_lib_kvm_kvm_open=no
ac_cv_lib_nsl=ac_cv_lib_nsl_main
ac_cv_lib_nsl_main=yes
ac_cv_lib_odm_odm_initialize=no
ac_cv_lib_perfstat_perfstat_cpu_total=no
ac_cv_lib_resolv=ac_cv_lib_resolv_main
ac_cv_lib_resolv_main=yes
ac_cv_lib_socket=ac_cv_lib_socket_main
ac_cv_lib_socket_main=no
ac_cv_objext=o
ac_cv_path_install='/usr/bin/install -c'
ac_cv_prog_AWK=gawk
ac_cv_prog_CPP='gcc -E'
ac_cv_prog_CXXCPP='g++ -E'
ac_cv_prog_ac_ct_AR=ar
ac_cv_prog_ac_ct_CC=gcc
ac_cv_prog_ac_ct_CXX=g++
ac_cv_prog_ac_ct_RANLIB=ranlib
ac_cv_prog_ac_ct_STRIP=strip
ac_cv_prog_cc_g=yes
ac_cv_prog_cc_stdc=
ac_cv_prog_cxx_g=yes
ac_cv_prog_egrep='grep -E'
ac_cv_prog_f77_g=no
ac_cv_prog_gcc_traditional=no
ac_cv_prog_make_make_set=yes
ac_cv_search_opendir='none required'
ac_cv_sockaddr_has_sa_len=no
ac_cv_type_int16_t=yes
ac_cv_type_int32_t=yes
ac_cv_type_int8_t=yes
ac_cv_type_off_t=yes
ac_cv_type_pid_t=yes
ac_cv_type_size_t=yes
ac_cv_type_socklen_t=yes
ac_cv_type_ssize_t=yes
ac_cv_type_uchar_t=no
ac_cv_type_uint16_t=yes
ac_cv_type_uint32_t=yes
ac_cv_type_uint8_t=yes
am_cv_CC_dependencies_compiler_type=gcc3
am_cv_CXX_dependencies_compiler_type=gcc3
lt_cv_deplibs_check_method=pass_all
lt_cv_file_magic_cmd='$MAGIC_CMD'
lt_cv_file_magic_test_file=
lt_cv_ld_reload_flag=-r
lt_cv_objdir=.libs
lt_cv_path_LD=/usr/bin/ld
lt_cv_path_LDCXX='/usr/bin/ld -m elf_x86_64'
lt_cv_path_NM='/usr/bin/nm -B'
lt_cv_path_SED=/bin/sed
lt_cv_prog_compiler_c_o=yes
lt_cv_prog_compiler_c_o_CXX=yes
lt_cv_prog_compiler_rtti_exceptions=no
lt_cv_prog_gnu_ld=yes
lt_cv_prog_gnu_ldcxx=yes
lt_cv_sys_global_symbol_pipe='sed -n -e '\''s/^.*[ 	]\([ABCDGIRSTW][ABCDGIRSTW]*\)[ 	][ 	]*\([_A-Za-z][_A-Za-z0-9]*\)$/\1 \2 \2/p'\'''
lt_cv_sys_global_symbol_to_c_name_address='sed -n -e '\''s/^: \([^ ]*\) $/  {\"\1\", (lt_ptr) 0},/p'\'' -e '\''s/^[BCDEGRST] \([^ ]*\) \([^ ]*\)$/  {"\2", (lt_ptr) \&\2},/p'\'''
lt_cv_sys_global_symbol_to_cdecl='sed -n -e '\''s/^. .* \(.*\)$/extern int \1;/p'\'''
lt_cv_sys_max_cmd_len=32768
lt_lt_cv_prog_compiler_c_o='"yes"'
lt_lt_cv_prog_compiler_c_o_CXX='"yes"'
lt_lt_cv_sys_global_symbol_pipe='"sed -n -e '\''s/^.*[ 	]\\([ABCDGIRSTW][ABCDGIRSTW]*\\)[ 	][ 	]*\\([_A-Za-z][_A-Za-z0-9]*\\)\$/\\1 \\2 \\2/p'\''"'
lt_lt_cv_sys_global_symbol_to_c_name_address='"sed -n -e '\''s/^: \\([^ ]*\\) \$/  {\\\"\\1\\\", (lt_ptr) 0},/p'\'' -e '\''s/^[BCDEGRST] \\([^ ]*\\) \\([^ ]*\\)\$/  {\"\\2\", (lt_ptr) \\&\\2},/p'\''"'
lt_lt_cv_sys_global_symbol_to_cdecl='"sed -n -e '\''s/^. .* \\(.*\\)\$/extern int \\1;/p'\''"'

## ----------------- ##
## Output variables. ##
## ----------------- ##

ACLOCAL='${SHELL} /home/fvassard/debs/ganglia/ganglia-3.1.2/libmetrics/build/missing --run aclocal-1.9'
AMDEPBACKSLASH='\'
AMDEP_FALSE='#'
AMDEP_TRUE=''
AMTAR='${SHELL} /home/fvassard/debs/ganglia/ganglia-3.1.2/libmetrics/build/missing --run tar'
AR='ar'
AUTOCONF='${SHELL} /home/fvassard/debs/ganglia/ganglia-3.1.2/libmetrics/build/missing --run autoconf'
AUTOHEADER='${SHELL} /home/fvassard/debs/ganglia/ganglia-3.1.2/libmetrics/build/missing --run autoheader'
AUTOMAKE='${SHELL} /home/fvassard/debs/ganglia/ganglia-3.1.2/libmetrics/build/missing --run automake-1.9'
AWK='gawk'
CC='gcc'
CCDEPMODE='depmode=gcc3'
CFLAGS='-g -O2 -Wall'
CPP='gcc -E'
CPPFLAGS=''
CXX='g++'
CXXCPP='g++ -E'
CXXDEPMODE='depmode=gcc3'
CXXFLAGS='-g -O2'
CYGPATH_W='echo'
DEFS='-DHAVE_CONFIG_H'
DEPDIR='.deps'
ECHO='echo'
ECHO_C=''
ECHO_N='-n'
ECHO_T=''
EGREP='grep -E'
EXEEXT=''
F77=''
FFLAGS=''
INSTALL_DATA='${INSTALL} -m 644'
INSTALL_PROGRAM='${INSTALL}'
INSTALL_SCRIPT='${INSTALL}'
INSTALL_STRIP_PROGRAM='${SHELL} $(install_sh) -c -s'
LDFLAGS=''
LIBOBJS=''
LIBS='-lnsl -lresolv '
LIBTOOL='$(SHELL) $(top_builddir)/libtool'
LN_S='ln -s'
LTLIBOBJS=''
MAKEINFO='${SHELL} /home/fvassard/debs/ganglia/ganglia-3.1.2/libmetrics/build/missing --run makeinfo'
OBJEXT='o'
OS='linux'
PACKAGE='libmetrics'
PACKAGE_BUGREPORT=''
PACKAGE_NAME=''
PACKAGE_STRING=''
PACKAGE_TARNAME=''
PACKAGE_VERSION=''
PATH_SEPARATOR=':'
POW_LIB=''
RANLIB='ranlib'
SET_MAKE=''
SHELL='/bin/bash'
STRIP='strip'
VERSION='201002162012'
ac_ct_AR='ar'
ac_ct_CC='gcc'
ac_ct_CXX='g++'
ac_ct_F77=''
ac_ct_RANLIB='ranlib'
ac_ct_STRIP='strip'
am__fastdepCC_FALSE='#'
am__fastdepCC_TRUE=''
am__fastdepCXX_FALSE='#'
am__fastdepCXX_TRUE=''
am__include='include'
am__leading_dot='.'
am__quote=''
am__tar='${AMTAR} chof - "$$tardir"'
am__untar='${AMTAR} xf -'
bindir='${exec_prefix}/bin'
build='x86_64-unknown-linux'
build_alias=''
build_cpu='x86_64'
build_os='linux'
build_vendor='unknown'
datadir='${prefix}/share'
exec_prefix='${prefix}'
host='x86_64-unknown-linux'
host_alias=''
host_cpu='x86_64'
host_os='linux'
host_vendor='unknown'
includedir='${prefix}/include'
infodir='${prefix}/info'
install_sh='/home/fvassard/debs/ganglia/ganglia-3.1.2/libmetrics/build/install-sh'
libdir='${exec_prefix}/lib'
libexecdir='${exec_prefix}/libexec'
localstatedir='${prefix}/var'
mandir='${prefix}/man'
mkdir_p='mkdir -p --'
oldincludedir='/usr/include'
prefix='/usr/local'
program_transform_name='s,x,x,'
sbindir='${exec_prefix}/sbin'
sharedstatedir='${prefix}/com'
sysconfdir='${prefix}/etc'
target_alias=''

## ----------- ##
## confdefs.h. ##
## ----------- ##

#define HAVE_DIRENT_H 1
#define HAVE_DLFCN_H 1
#define HAVE_FCNTL_H 1
#define HAVE_GETPAGESIZE 1
#define HAVE_GETTIMEOFDAY 1
#define HAVE_INTTYPES_H 1
#define HAVE_INTTYPES_H 1
#define HAVE_LIBNSL 1
#define HAVE_LIBRESOLV 1
#define HAVE_LIMITS_H 1
#define HAVE_MALLOC 1
#define HAVE_MEMORY_H 1
#define HAVE_MEMSET 1
#define HAVE_PATHS_H 1
#define HAVE_REALLOC 1
#define HAVE_RPC_RPC_H 1
#define HAVE_STDINT_H 1
#define HAVE_STDLIB_H 1
#define HAVE_STDLIB_H 1
#define HAVE_STDLIB_H 1
#define HAVE_STDLIB_H 1
#define HAVE_STRCHR 1
#define HAVE_STRDUP 1
#define HAVE_STRINGS_H 1
#define HAVE_STRINGS_H 1
#define HAVE_STRING_H 1
#define HAVE_STRNDUP 1
#define HAVE_STRPBRK 1
#define HAVE_STRSTR 1
#define HAVE_STRTOL 1
#define HAVE_SYSINFO 1
#define HAVE_SYS_MOUNT_H 1
#define HAVE_SYS_PARAM_H 1
#define HAVE_SYS_SOCKET_H 1
#define HAVE_SYS_STATFS_H 1
#define HAVE_SYS_STATVFS_H 1
#define HAVE_SYS_STAT_H 1
#define HAVE_SYS_TIME_H 1
#define HAVE_SYS_TYPES_H 1
#define HAVE_SYS_VFS_H 1
#define HAVE_UNAME 1
#define HAVE_UNISTD_H 1
#define HAVE_UNISTD_H 1
#define HAVE_UTMP_H 1
#define HAVE_VSNPRINTF 1
#define LINUX 1
#define LSTAT_FOLLOWS_SLASHED_SYMLINK 1
#define PACKAGE "libmetrics"
#define PACKAGE_BUGREPORT ""
#define PACKAGE_NAME ""
#define PACKAGE_STRING ""
#define PACKAGE_TARNAME ""
#define PACKAGE_VERSION ""
#define STAT_STATVFS 1
#define STDC_HEADERS 1
#define STDC_HEADERS 1
#define TIME_WITH_SYS_TIME 1
#define VERSION "201002162012"
#define uchar_t unsigned char
#endif
#ifdef __cplusplus
extern "C" void exit (int) throw ();

configure: exit 0
